<?xml version="1.0" encoding="UTF-8"?>
<testsuite name="com.MadsFrederikMadsen.TrygDemo.TrygDemoApplicationTests" tests="1" skipped="0" failures="0" errors="0" timestamp="2023-03-01T19:55:10" hostname="Madss-MacBook-Pro.local" time="0.16">
  <properties/>
  <testcase name="contextLoads()" classname="com.MadsFrederikMadsen.TrygDemo.TrygDemoApplicationTests" time="0.16"/>
  <system-out><![CDATA[20:55:10.015 [Test worker] DEBUG org.springframework.boot.test.context.SpringBootTestContextBootstrapper - Neither @ContextConfiguration nor @ContextHierarchy found for test class [TrygDemoApplicationTests]: using SpringBootContextLoader
20:55:10.018 [Test worker] DEBUG org.springframework.test.context.support.AbstractContextLoader - Could not detect default resource locations for test class [com.MadsFrederikMadsen.TrygDemo.TrygDemoApplicationTests]: no resource found for suffixes {-context.xml, Context.groovy}.
20:55:10.018 [Test worker] INFO org.springframework.test.context.support.AnnotationConfigContextLoaderUtils - Could not detect default configuration classes for test class [com.MadsFrederikMadsen.TrygDemo.TrygDemoApplicationTests]: TrygDemoApplicationTests does not declare any static, non-private, non-final, nested classes annotated with @Configuration.
20:55:10.027 [Test worker] DEBUG org.springframework.boot.test.context.SpringBootTestContextBootstrapper - Using ContextCustomizers for test class [TrygDemoApplicationTests]: [DisableObservabilityContextCustomizer, PropertyMappingContextCustomizer, Customizer, ExcludeFilterContextCustomizer, DuplicateJsonObjectContextCustomizer, MockitoContextCustomizer, TestRestTemplateContextCustomizer]
20:55:10.060 [Test worker] DEBUG org.springframework.context.annotation.ClassPathScanningCandidateComponentProvider - Identified candidate component class: file [/Users/frederik/Desktop/Temp/TrygDemo/build/classes/java/main/com/MadsFrederikMadsen/TrygDemo/KeyTimeServer.class]
20:55:10.061 [Test worker] INFO org.springframework.boot.test.context.SpringBootTestContextBootstrapper - Found @SpringBootConfiguration com.MadsFrederikMadsen.TrygDemo.KeyTimeServer for test class com.MadsFrederikMadsen.TrygDemo.TrygDemoApplicationTests
20:55:10.095 [Test worker] DEBUG org.springframework.test.context.util.TestContextSpringFactoriesUtils - Skipping candidate TestExecutionListener [org.springframework.test.context.transaction.TransactionalTestExecutionListener] due to a missing dependency. Specify custom TestExecutionListener classes or make the default TestExecutionListener classes and their required dependencies available. Offending class: [org/springframework/transaction/interceptor/TransactionAttributeSource]
20:55:10.096 [Test worker] DEBUG org.springframework.test.context.util.TestContextSpringFactoriesUtils - Skipping candidate TestExecutionListener [org.springframework.test.context.jdbc.SqlScriptsTestExecutionListener] due to a missing dependency. Specify custom TestExecutionListener classes or make the default TestExecutionListener classes and their required dependencies available. Offending class: [org/springframework/transaction/interceptor/TransactionAttribute]
20:55:10.096 [Test worker] DEBUG org.springframework.boot.test.context.SpringBootTestContextBootstrapper - Using TestExecutionListeners for test class [TrygDemoApplicationTests]: [ServletTestExecutionListener, DirtiesContextBeforeModesTestExecutionListener, ApplicationEventsTestExecutionListener, MockitoTestExecutionListener, DependencyInjectionTestExecutionListener, DirtiesContextTestExecutionListener, EventPublishingTestExecutionListener, RestDocsTestExecutionListener, MockRestServiceServerResetTestExecutionListener, MockMvcPrintOnlyOnFailureTestExecutionListener, WebDriverTestExecutionListener, MockWebServiceServerTestExecutionListener, ResetMocksTestExecutionListener]
20:55:10.097 [Test worker] DEBUG org.springframework.test.context.support.AbstractDirtiesContextTestExecutionListener - Before test class: class [TrygDemoApplicationTests], class annotated with @DirtiesContext [false] with mode [null]

  .   ____          _            __ _ _
 /\\ / ___'_ __ _ _(_)_ __  __ _ \ \ \ \
( ( )\___ | '_ | '_| | '_ \/ _` | \ \ \ \
 \\/  ___)| |_)| | | | | || (_| |  ) ) ) )
  '  |____| .__|_| |_|_| |_\__, | / / / /
 =========|_|==============|___/=/_/_/_/
 :: Spring Boot ::                (v3.0.3)

2023-03-01T20:55:10.196+01:00  INFO 3446 --- [    Test worker] c.M.TrygDemo.TrygDemoApplicationTests    : Starting TrygDemoApplicationTests using Java 18.0.2.1 with PID 3446 (started by frederik in /Users/frederik/Desktop/Temp/TrygDemo)
2023-03-01T20:55:10.197+01:00  INFO 3446 --- [    Test worker] c.M.TrygDemo.TrygDemoApplicationTests    : No active profile set, falling back to 1 default profile: "default"
2023-03-01T20:55:10.621+01:00  INFO 3446 --- [    Test worker] c.M.TrygDemo.TrygDemoApplicationTests    : Started TrygDemoApplicationTests in 0.506 seconds (process running for 0.939)
]]></system-out>
  <system-err><![CDATA[]]></system-err>
</testsuite>
